<?xml version="1.0" encoding="UTF-8"?>
<testng-results ignored="0" total="2" passed="2" failed="0" skipped="0">
  <reporter-output>
  </reporter-output>
  <suite started-at="2024-06-03T07:29:12Z" name="Default suite" finished-at="2024-06-03T07:29:12Z" duration-ms="112">
    <groups>
    </groups>
    <test started-at="2024-06-03T07:29:12Z" name="Default test" finished-at="2024-06-03T07:29:12Z" duration-ms="112">
      <class name="prac2.OrgTest">
        <test-method signature="createOrg()[pri:0, instance:prac2.OrgTest@64bce832]" started-at="2024-06-03T07:29:12Z" name="createOrg" finished-at="2024-06-03T07:29:12Z" duration-ms="36" status="PASS">
          <reporter-output>
          </reporter-output>
        </test-method> <!-- createOrg -->
        <test-method signature="modifyOrg()[pri:0, instance:prac2.OrgTest@64bce832]" started-at="2024-06-03T07:29:12Z" name="modifyOrg" finished-at="2024-06-03T07:29:12Z" duration-ms="6" status="PASS">
          <reporter-output>
          </reporter-output>
        </test-method> <!-- modifyOrg -->
      </class> <!-- prac2.OrgTest -->
    </test> <!-- Default test -->
  </suite> <!-- Default suite -->
</testng-results>
